{
  "RSpec": {
    "coverage": {
      "/Users/victoriablack/projects/weekly_challenges/oyster_card/spec/journey_log_spec.rb": {
        "lines": [
          1,
          null,
          1,
          1,
          null,
          null,
          null,
          null,
          null,
          null,
          null,
          null,
          null
        ]
      },
      "/Users/victoriablack/projects/weekly_challenges/oyster_card/lib/journey_log.rb": {
        "lines": [
          1,
          null,
          1,
          null,
          1,
          12,
          12,
          null,
          null,
          1,
          8,
          null,
          null,
          1,
          3,
          3,
          null,
          null,
          null,
          null,
          1,
          3,
          3,
          null,
          null
        ]
      },
      "/Users/victoriablack/projects/weekly_challenges/oyster_card/spec/journey_spec.rb": {
        "lines": [
          null,
          null,
          1,
          null,
          1,
          5,
          2,
          1,
          1,
          null,
          1,
          1,
          1,
          1,
          null,
          null,
          null,
          1,
          1,
          1,
          null,
          null,
          1,
          1,
          null,
          null,
          null,
          1,
          1,
          1,
          1,
          1,
          null,
          null,
          1,
          1,
          1,
          null,
          1,
          null,
          null,
          null
        ]
      },
      "/Users/victoriablack/projects/weekly_challenges/oyster_card/lib/journey.rb": {
        "lines": [
          null,
          null,
          null,
          null,
          1,
          null,
          1,
          1,
          1,
          null,
          1,
          null,
          1,
          12,
          12,
          null,
          null,
          1,
          5,
          null,
          null,
          1,
          8,
          8,
          null,
          null,
          1,
          3,
          3,
          null,
          null,
          1,
          4,
          null,
          null,
          null,
          null,
          null,
          null,
          null
        ]
      },
      "/Users/victoriablack/projects/weekly_challenges/oyster_card/spec/oystercard_spec.rb": {
        "lines": [
          null,
          null,
          1,
          1,
          null,
          1,
          8,
          1,
          1,
          5,
          null,
          1,
          2,
          null,
          1,
          4,
          null,
          null,
          1,
          1,
          1,
          1,
          2,
          null,
          null,
          null,
          1,
          1,
          1,
          1,
          null,
          null,
          1,
          1,
          1,
          2,
          null,
          null,
          null,
          1,
          1,
          2,
          null,
          null,
          1,
          1,
          1,
          null,
          null,
          1,
          4,
          null,
          null,
          null
        ]
      },
      "/Users/victoriablack/projects/weekly_challenges/oyster_card/lib/oystercard.rb": {
        "lines": [
          null,
          null,
          1,
          null,
          null,
          1,
          1,
          1,
          null,
          1,
          null,
          1,
          7,
          7,
          null,
          null,
          1,
          4,
          null,
          3,
          null,
          null,
          1,
          4,
          null,
          3,
          null,
          null,
          1,
          2,
          2,
          null,
          null,
          1,
          2,
          null,
          null,
          null,
          null,
          null,
          null,
          null,
          1,
          null,
          1,
          2,
          null,
          null
        ]
      },
      "/Users/victoriablack/projects/weekly_challenges/oyster_card/spec/station_spec.rb": {
        "lines": [
          null,
          null,
          1,
          null,
          1,
          3,
          null,
          1,
          1,
          null,
          null,
          1,
          1,
          null,
          null
        ]
      },
      "/Users/victoriablack/projects/weekly_challenges/oyster_card/lib/station.rb": {
        "lines": [
          null,
          null,
          null,
          1,
          1,
          null,
          1,
          2,
          2,
          null,
          null
        ]
      }
    },
    "timestamp": 1639770864
  }
}
